** ComfyUI startup time: 2024-03-08 08:02:55.570532
** Platform: Linux
** Python version: 3.10.6 (main, Dec 13 2023, 16:06:47) [GCC 13.2.0]
** Python executable: /home/c_byrne/.pyenv/versions/3.10.6/bin/python
** Log path: /home/c_byrne/tools/sd/sd-interfaces/ComfyUI/comfyui.log

Prestartup times for custom nodes:
   0.0 seconds: /home/c_byrne/tools/sd/sd-interfaces/ComfyUI/custom_nodes/rgthree-comfy
   0.0 seconds: /home/c_byrne/tools/sd/sd-interfaces/ComfyUI/custom_nodes/ComfyUI-Manager

Total VRAM 11975 MB, total RAM 31906 MB
xformers version: 0.0.20
Set vram state to: NORMAL_VRAM
Device: cuda:0 NVIDIA GeForce RTX 4070 : cudaMallocAsync
VAE dtype: torch.bfloat16
Using xformers cross attention
2024-03-08 08:02:56.756492: I tensorflow/core/util/port.cc:113] oneDNN custom operations are on. You may see slightly different numerical results due to floating-point round-off errors from different computation orders. To turn them off, set the environment variable `TF_ENABLE_ONEDNN_OPTS=0`.
2024-03-08 08:02:56.774799: E external/local_xla/xla/stream_executor/cuda/cuda_dnn.cc:9261] Unable to register cuDNN factory: Attempting to register factory for plugin cuDNN when one has already been registered
2024-03-08 08:02:56.774828: E external/local_xla/xla/stream_executor/cuda/cuda_fft.cc:607] Unable to register cuFFT factory: Attempting to register factory for plugin cuFFT when one has already been registered
2024-03-08 08:02:56.775322: E external/local_xla/xla/stream_executor/cuda/cuda_blas.cc:1515] Unable to register cuBLAS factory: Attempting to register factory for plugin cuBLAS when one has already been registered
2024-03-08 08:02:56.778302: I tensorflow/core/platform/cpu_feature_guard.cc:182] This TensorFlow binary is optimized to use available CPU instructions in performance-critical operations.
To enable the following instructions: AVX2 AVX_VNNI FMA, in other operations, rebuild TensorFlow with the appropriate compiler flags.
2024-03-08 08:02:57.187093: W tensorflow/compiler/tf2tensorrt/utils/py_utils.cc:38] TF-TRT Warning: Could not find TensorRT

[92m[rgthree] Loaded 34 epic nodes.[0m
[92m[rgthree] Will use rgthree's optimized recursive execution.[0m

Total VRAM 11975 MB, total RAM 31906 MB
xformers version: 0.0.20
Set vram state to: NORMAL_VRAM
Device: cuda:0 NVIDIA GeForce RTX 4070 : cudaMallocAsync
VAE dtype: torch.bfloat16
[36mEfficiency Nodes:[0m Attempting to add Control Net options to the 'HiRes-Fix Script' Node (comfyui_controlnet_aux add-on)...[92mSuccess![0m
[34mFizzleDorf Custom Nodes: [92mLoaded[0m
[34mWAS Node Suite: [0mBlenderNeko's Advanced CLIP Text Encode found, attempting to enable `CLIPTextEncode` support.[0m
[34mWAS Node Suite: [0m`CLIPTextEncode (BlenderNeko Advanced + NSP)` node enabled under `WAS Suite/Conditioning` menu.[0m
[34mWAS Node Suite: [0mOpenCV Python FFMPEG support is enabled[0m
[34mWAS Node Suite [93mWarning: [0m`ffmpeg_bin_path` is not set in `/home/c_byrne/tools/sd/sd-interfaces/ComfyUI/custom_nodes/was-node-suite-comfyui/was_suite_config.json` config file. Will attempt to use system ffmpeg binaries if available.[0m
[34mWAS Node Suite: [0mFinished.[0m [32mLoaded[0m [0m212[0m [32mnodes successfully.[0m

	[3m[93m"Life is 10% what happens to us and 90% how we react to it."[0m[3m - Charles R. Swindoll[0m

[0m[1;34m[SD Prompt Reader] [36mNode version: 1.3.0[0m
[0m[1;34m[SD Prompt Reader] [36mCore version: 1.3.4.post1[0m
[34mOpenPose Editor: [92mLoaded[0m
------------------------------------------
[34mComfyroll Studio v1.76 : [92m 175 Nodes Loaded[0m
------------------------------------------
** For changes, please see patch notes at https://github.com/Suzie1/ComfyUI_Comfyroll_CustomNodes/blob/main/Patch_Notes.md
** For help, please see the wiki at https://github.com/Suzie1/ComfyUI_Comfyroll_CustomNodes/wiki
------------------------------------------
Requirement already satisfied: segment_anything in /home/c_byrne/.pyenv/versions/3.10.6/lib/python3.10/site-packages (from -r requirements.txt (line 1)) (1.0)
Requirement already satisfied: timm in /home/c_byrne/.pyenv/versions/3.10.6/lib/python3.10/site-packages (from -r requirements.txt (line 2)) (0.9.2)
Requirement already satisfied: addict in /home/c_byrne/.pyenv/versions/3.10.6/lib/python3.10/site-packages (from -r requirements.txt (line 3)) (2.4.0)
Requirement already satisfied: yapf in /home/c_byrne/.pyenv/versions/3.10.6/lib/python3.10/site-packages (from -r requirements.txt (line 4)) (0.40.2)
Requirement already satisfied: torch>=1.7 in /home/c_byrne/.pyenv/versions/3.10.6/lib/python3.10/site-packages (from timm->-r requirements.txt (line 2)) (2.0.1+cu118)
Requirement already satisfied: huggingface-hub in /home/c_byrne/.pyenv/versions/3.10.6/lib/python3.10/site-packages (from timm->-r requirements.txt (line 2)) (0.20.3)
Requirement already satisfied: pyyaml in /home/c_byrne/.pyenv/versions/3.10.6/lib/python3.10/site-packages (from timm->-r requirements.txt (line 2)) (6.0.1)
Requirement already satisfied: safetensors in /home/c_byrne/.pyenv/versions/3.10.6/lib/python3.10/site-packages (from timm->-r requirements.txt (line 2)) (0.3.1)
Requirement already satisfied: torchvision in /home/c_byrne/.pyenv/versions/3.10.6/lib/python3.10/site-packages (from timm->-r requirements.txt (line 2)) (0.15.2+cu118)
Requirement already satisfied: tomli>=2.0.1 in /home/c_byrne/.pyenv/versions/3.10.6/lib/python3.10/site-packages (from yapf->-r requirements.txt (line 4)) (2.0.1)
Requirement already satisfied: platformdirs>=3.5.1 in /home/c_byrne/.pyenv/versions/3.10.6/lib/python3.10/site-packages (from yapf->-r requirements.txt (line 4)) (4.1.0)
Requirement already satisfied: importlib-metadata>=6.6.0 in /home/c_byrne/.pyenv/versions/3.10.6/lib/python3.10/site-packages (from yapf->-r requirements.txt (line 4)) (7.0.0)
Requirement already satisfied: zipp>=0.5 in /home/c_byrne/.pyenv/versions/3.10.6/lib/python3.10/site-packages (from importlib-metadata>=6.6.0->yapf->-r requirements.txt (line 4)) (3.17.0)
Requirement already satisfied: jinja2 in /home/c_byrne/.pyenv/versions/3.10.6/lib/python3.10/site-packages (from torch>=1.7->timm->-r requirements.txt (line 2)) (3.1.2)
Requirement already satisfied: triton==2.0.0 in /home/c_byrne/.pyenv/versions/3.10.6/lib/python3.10/site-packages (from torch>=1.7->timm->-r requirements.txt (line 2)) (2.0.0)
Requirement already satisfied: filelock in /home/c_byrne/.pyenv/versions/3.10.6/lib/python3.10/site-packages (from torch>=1.7->timm->-r requirements.txt (line 2)) (3.13.1)
Requirement already satisfied: typing-extensions in /home/c_byrne/.pyenv/versions/3.10.6/lib/python3.10/site-packages (from torch>=1.7->timm->-r requirements.txt (line 2)) (4.9.0)
Requirement already satisfied: networkx in /home/c_byrne/.pyenv/versions/3.10.6/lib/python3.10/site-packages (from torch>=1.7->timm->-r requirements.txt (line 2)) (3.2.1)
Requirement already satisfied: sympy in /home/c_byrne/.pyenv/versions/3.10.6/lib/python3.10/site-packages (from torch>=1.7->timm->-r requirements.txt (line 2)) (1.12)
Requirement already satisfied: lit in /home/c_byrne/.pyenv/versions/3.10.6/lib/python3.10/site-packages (from triton==2.0.0->torch>=1.7->timm->-r requirements.txt (line 2)) (17.0.6)
Requirement already satisfied: cmake in /home/c_byrne/.pyenv/versions/3.10.6/lib/python3.10/site-packages (from triton==2.0.0->torch>=1.7->timm->-r requirements.txt (line 2)) (3.28.0)
Requirement already satisfied: fsspec>=2023.5.0 in /home/c_byrne/.pyenv/versions/3.10.6/lib/python3.10/site-packages (from huggingface-hub->timm->-r requirements.txt (line 2)) (2023.10.0)
Requirement already satisfied: requests in /home/c_byrne/.pyenv/versions/3.10.6/lib/python3.10/site-packages (from huggingface-hub->timm->-r requirements.txt (line 2)) (2.31.0)
Requirement already satisfied: tqdm>=4.42.1 in /home/c_byrne/.pyenv/versions/3.10.6/lib/python3.10/site-packages (from huggingface-hub->timm->-r requirements.txt (line 2)) (4.65.0)
Requirement already satisfied: packaging>=20.9 in /home/c_byrne/.pyenv/versions/3.10.6/lib/python3.10/site-packages (from huggingface-hub->timm->-r requirements.txt (line 2)) (23.2)
Requirement already satisfied: numpy in /home/c_byrne/.pyenv/versions/3.10.6/lib/python3.10/site-packages (from torchvision->timm->-r requirements.txt (line 2)) (1.23.5)
Requirement already satisfied: pillow!=8.3.*,>=5.3.0 in /home/c_byrne/.pyenv/versions/3.10.6/lib/python3.10/site-packages (from torchvision->timm->-r requirements.txt (line 2)) (9.5.0)
Requirement already satisfied: MarkupSafe>=2.0 in /home/c_byrne/.pyenv/versions/3.10.6/lib/python3.10/site-packages (from jinja2->torch>=1.7->timm->-r requirements.txt (line 2)) (2.1.3)
Requirement already satisfied: urllib3<3,>=1.21.1 in /home/c_byrne/.pyenv/versions/3.10.6/lib/python3.10/site-packages (from requests->huggingface-hub->timm->-r requirements.txt (line 2)) (1.26.18)
Requirement already satisfied: idna<4,>=2.5 in /home/c_byrne/.pyenv/versions/3.10.6/lib/python3.10/site-packages (from requests->huggingface-hub->timm->-r requirements.txt (line 2)) (3.6)
Requirement already satisfied: charset-normalizer<4,>=2 in /home/c_byrne/.pyenv/versions/3.10.6/lib/python3.10/site-packages (from requests->huggingface-hub->timm->-r requirements.txt (line 2)) (3.3.2)
Requirement already satisfied: certifi>=2017.4.17 in /home/c_byrne/.pyenv/versions/3.10.6/lib/python3.10/site-packages (from requests->huggingface-hub->timm->-r requirements.txt (line 2)) (2023.11.17)
Requirement already satisfied: mpmath>=0.19 in /home/c_byrne/.pyenv/versions/3.10.6/lib/python3.10/site-packages (from sympy->torch>=1.7->timm->-r requirements.txt (line 2)) (1.3.0)

[notice] A new release of pip available: 22.2.1 -> 24.0
[notice] To update, run: /home/c_byrne/.pyenv/versions/3.10.6/bin/python -m pip install --upgrade pip
---------------------------------- Prompt Generator ComfyUI Node -----------------------------------
/_\ Checking packages
Traceback (most recent call last):
  File "/home/c_byrne/.pyenv/versions/3.10.6/lib/python3.10/site-packages/transformers/utils/import_utils.py", line 1110, in _get_module
    return importlib.import_module("." + module_name, self.__name__)
  File "/home/c_byrne/.pyenv/versions/3.10.6/lib/python3.10/importlib/__init__.py", line 126, in import_module
    return _bootstrap._gcd_import(name[level:], package, level)
  File "<frozen importlib._bootstrap>", line 1050, in _gcd_import
  File "<frozen importlib._bootstrap>", line 1027, in _find_and_load
  File "<frozen importlib._bootstrap>", line 1006, in _find_and_load_unlocked
  File "<frozen importlib._bootstrap>", line 688, in _load_unlocked
  File "<frozen importlib._bootstrap_external>", line 883, in exec_module
  File "<frozen importlib._bootstrap>", line 241, in _call_with_frames_removed
  File "/home/c_byrne/.pyenv/versions/3.10.6/lib/python3.10/site-packages/transformers/modeling_tf_utils.py", line 70, in <module>
    from keras.engine import data_adapter
ModuleNotFoundError: No module named 'keras.engine'

The above exception was the direct cause of the following exception:

Traceback (most recent call last):
  File "/home/c_byrne/.pyenv/versions/3.10.6/lib/python3.10/site-packages/transformers/utils/import_utils.py", line 1110, in _get_module
    return importlib.import_module("." + module_name, self.__name__)
  File "/home/c_byrne/.pyenv/versions/3.10.6/lib/python3.10/importlib/__init__.py", line 126, in import_module
    return _bootstrap._gcd_import(name[level:], package, level)
  File "<frozen importlib._bootstrap>", line 1050, in _gcd_import
  File "<frozen importlib._bootstrap>", line 1027, in _find_and_load
  File "<frozen importlib._bootstrap>", line 1006, in _find_and_load_unlocked
  File "<frozen importlib._bootstrap>", line 688, in _load_unlocked
  File "<frozen importlib._bootstrap_external>", line 883, in exec_module
  File "<frozen importlib._bootstrap>", line 241, in _call_with_frames_removed
  File "/home/c_byrne/.pyenv/versions/3.10.6/lib/python3.10/site-packages/optimum/onnxruntime/modeling_ort.py", line 59, in <module>
    from ..exporters import TasksManager
  File "/home/c_byrne/.pyenv/versions/3.10.6/lib/python3.10/site-packages/optimum/exporters/__init__.py", line 16, in <module>
    from .tasks import TasksManager  # noqa
  File "/home/c_byrne/.pyenv/versions/3.10.6/lib/python3.10/site-packages/optimum/exporters/tasks.py", line 52, in <module>
    from transformers import TFPreTrainedModel
  File "<frozen importlib._bootstrap>", line 1075, in _handle_fromlist
  File "/home/c_byrne/.pyenv/versions/3.10.6/lib/python3.10/site-packages/transformers/utils/import_utils.py", line 1100, in __getattr__
    module = self._get_module(self._class_to_module[name])
  File "/home/c_byrne/.pyenv/versions/3.10.6/lib/python3.10/site-packages/transformers/utils/import_utils.py", line 1112, in _get_module
    raise RuntimeError(
RuntimeError: Failed to import transformers.modeling_tf_utils because of the following error (look up to see its traceback):
No module named 'keras.engine'

The above exception was the direct cause of the following exception:

Traceback (most recent call last):
  File "/home/c_byrne/tools/sd/sd-interfaces/ComfyUI/nodes.py", line 1887, in load_custom_node
    module_spec.loader.exec_module(module)
  File "<frozen importlib._bootstrap_external>", line 883, in exec_module
  File "<frozen importlib._bootstrap>", line 241, in _call_with_frames_removed
  File "/home/c_byrne/tools/sd/sd-interfaces/ComfyUI/custom_nodes/prompt-generator-comfyui/__init__.py", line 11, in <module>
    from prompt_generator import PromptGenerator
  File "/home/c_byrne/tools/sd/sd-interfaces/ComfyUI/custom_nodes/prompt-generator-comfyui/prompt_generator.py", line 4, in <module>
    from generator.generate import GenerateArgs, Generator
  File "/home/c_byrne/tools/sd/sd-interfaces/ComfyUI/custom_nodes/prompt-generator-comfyui/generator/generate.py", line 2, in <module>
    from generator.model import (
  File "/home/c_byrne/tools/sd/sd-interfaces/ComfyUI/custom_nodes/prompt-generator-comfyui/generator/model.py", line 4, in <module>
    from optimum.pipelines import pipeline as opt_pipe
  File "/home/c_byrne/.pyenv/versions/3.10.6/lib/python3.10/site-packages/optimum/pipelines/__init__.py", line 16, in <module>
    from .pipelines_base import (
  File "/home/c_byrne/.pyenv/versions/3.10.6/lib/python3.10/site-packages/optimum/pipelines/pipelines_base.py", line 53, in <module>
    from ..onnxruntime import (
  File "<frozen importlib._bootstrap>", line 1075, in _handle_fromlist
  File "/home/c_byrne/.pyenv/versions/3.10.6/lib/python3.10/site-packages/transformers/utils/import_utils.py", line 1100, in __getattr__
    module = self._get_module(self._class_to_module[name])
  File "/home/c_byrne/.pyenv/versions/3.10.6/lib/python3.10/site-packages/transformers/utils/import_utils.py", line 1112, in _get_module
    raise RuntimeError(
RuntimeError: Failed to import optimum.onnxruntime.modeling_ort because of the following error (look up to see its traceback):
Failed to import transformers.modeling_tf_utils because of the following error (look up to see its traceback):
No module named 'keras.engine'

Cannot import /home/c_byrne/tools/sd/sd-interfaces/ComfyUI/custom_nodes/prompt-generator-comfyui module for custom nodes: Failed to import optimum.onnxruntime.modeling_ort because of the following error (look up to see its traceback):
Failed to import transformers.modeling_tf_utils because of the following error (look up to see its traceback):
No module named 'keras.engine'
[34mComfyUI Path Helper Nodes: [92mLoaded[0m
[0;33m[ReActor][0m - [38;5;173mSTATUS[0m - [0;32mRunning v0.4.1-b9 in ComfyUI[0m
Torch version: 2.0.1+cu118
### Loading: ComfyUI-Impact-Pack (V4.78)
### Loading: ComfyUI-Impact-Pack (Subpack: V0.4)
### Loading: ComfyUI-Manager (V2.7.2)
### ComfyUI Revision: 2005 [0d0fbabd] | Released on '2024-02-20'
[ComfyUI-Manager] default cache updated: https://raw.githubusercontent.com/ltdrdata/ComfyUI-Manager/main/alter-list.json
[ComfyUI-Manager] default cache updated: https://raw.githubusercontent.com/ltdrdata/ComfyUI-Manager/main/model-list.json
### Loading: ComfyUI-Inspire-Pack (V0.65.2)
[ComfyUI-Manager] default cache updated: https://raw.githubusercontent.com/ltdrdata/ComfyUI-Manager/main/extension-node-map.json
[ComfyUI-Manager] default cache updated: https://raw.githubusercontent.com/ltdrdata/ComfyUI-Manager/main/custom-node-list.json
[Impact Pack] Wildcards loading done.
Searge-SDXL v4.3.1 in /home/c_byrne/tools/sd/sd-interfaces/ComfyUI/custom_nodes/SeargeSDXL
[36;20m[comfy_mtb] | INFO -> loaded [96m65[0m nodes successfuly[0m

Import times for custom nodes:
   0.0 seconds: /home/c_byrne/tools/sd/sd-interfaces/ComfyUI/custom_nodes/ComfyUI-Image-Selector
   0.0 seconds: /home/c_byrne/tools/sd/sd-interfaces/ComfyUI/custom_nodes/LoadLoraWithTags
   0.0 seconds: /home/c_byrne/tools/sd/sd-interfaces/ComfyUI/custom_nodes/ComfyUI-dimension-node-modusCell
   0.0 seconds: /home/c_byrne/tools/sd/sd-interfaces/ComfyUI/custom_nodes/ComfyUI-PNG-Metadata
   0.0 seconds: /home/c_byrne/tools/sd/sd-interfaces/ComfyUI/custom_nodes/composite-alpha-to-base
   0.0 seconds: /home/c_byrne/tools/sd/sd-interfaces/ComfyUI/custom_nodes/sdxl_prompt_styler
   0.0 seconds: /home/c_byrne/tools/sd/sd-interfaces/ComfyUI/custom_nodes/ComfyUI_ADV_CLIP_emb
   0.0 seconds: /home/c_byrne/tools/sd/sd-interfaces/ComfyUI/custom_nodes/ComfyUI_Cutoff
   0.0 seconds: /home/c_byrne/tools/sd/sd-interfaces/ComfyUI/custom_nodes/cg-use-everywhere
   0.0 seconds: /home/c_byrne/tools/sd/sd-interfaces/ComfyUI/custom_nodes/cg-image-picker
   0.0 seconds: /home/c_byrne/tools/sd/sd-interfaces/ComfyUI/custom_nodes/SD-Advanced-Noise
   0.0 seconds: /home/c_byrne/tools/sd/sd-interfaces/ComfyUI/custom_nodes/ComfyUI-Fans
   0.0 seconds: /home/c_byrne/tools/sd/sd-interfaces/ComfyUI/custom_nodes/LoRA-Merger-ComfyUI
   0.0 seconds: /home/c_byrne/tools/sd/sd-interfaces/ComfyUI/custom_nodes/ComfyUI-OpenPose-Editor
   0.0 seconds: /home/c_byrne/tools/sd/sd-interfaces/ComfyUI/custom_nodes/ComfyUi_PromptStylers
   0.0 seconds: /home/c_byrne/tools/sd/sd-interfaces/ComfyUI/custom_nodes/masquerade-nodes-comfyui
   0.0 seconds: /home/c_byrne/tools/sd/sd-interfaces/ComfyUI/custom_nodes/comfyui_controlnet_aux
   0.0 seconds: /home/c_byrne/tools/sd/sd-interfaces/ComfyUI/custom_nodes/ComfyUI-Path-Helper
   0.0 seconds: /home/c_byrne/tools/sd/sd-interfaces/ComfyUI/custom_nodes/ComfyUI_IPAdapter_plus
   0.0 seconds: /home/c_byrne/tools/sd/sd-interfaces/ComfyUI/custom_nodes/ComfyI2I
   0.0 seconds: /home/c_byrne/tools/sd/sd-interfaces/ComfyUI/custom_nodes/comfyui-dynamicprompts
   0.0 seconds: /home/c_byrne/tools/sd/sd-interfaces/ComfyUI/custom_nodes/comfyui-yanc
   0.0 seconds: /home/c_byrne/tools/sd/sd-interfaces/ComfyUI/custom_nodes/ComfyUI_FizzNodes
   0.0 seconds: /home/c_byrne/tools/sd/sd-interfaces/ComfyUI/custom_nodes/ComfyUI-Custom-Scripts
   0.0 seconds: /home/c_byrne/tools/sd/sd-interfaces/ComfyUI/custom_nodes/mikey_nodes
   0.0 seconds: /home/c_byrne/tools/sd/sd-interfaces/ComfyUI/custom_nodes/Derfuu_ComfyUI_ModdedNodes
   0.0 seconds: /home/c_byrne/tools/sd/sd-interfaces/ComfyUI/custom_nodes/ComfyUI_UltimateSDUpscale
   0.0 seconds: /home/c_byrne/tools/sd/sd-interfaces/ComfyUI/custom_nodes/ComfyUI-Advanced-ControlNet
   0.0 seconds: /home/c_byrne/tools/sd/sd-interfaces/ComfyUI/custom_nodes/ComfyUI-Frame-Interpolation
   0.0 seconds: /home/c_byrne/tools/sd/sd-interfaces/ComfyUI/custom_nodes/comfyui-lama-remover
   0.0 seconds: /home/c_byrne/tools/sd/sd-interfaces/ComfyUI/custom_nodes/ComfyUI-AnimateDiff-Evolved
   0.0 seconds: /home/c_byrne/tools/sd/sd-interfaces/ComfyUI/custom_nodes/rgthree-comfy
   0.0 seconds: /home/c_byrne/tools/sd/sd-interfaces/ComfyUI/custom_nodes/ComfyUI_essentials
   0.0 seconds: /home/c_byrne/tools/sd/sd-interfaces/ComfyUI/custom_nodes/ComfyUI_Comfyroll_CustomNodes
   0.0 seconds: /home/c_byrne/tools/sd/sd-interfaces/ComfyUI/custom_nodes/facerestore_cf
   0.0 seconds: /home/c_byrne/tools/sd/sd-interfaces/ComfyUI/custom_nodes/stability-ComfyUI-nodes
   0.0 seconds: /home/c_byrne/tools/sd/sd-interfaces/ComfyUI/custom_nodes/ComfyUI-WD14-Tagger
   0.0 seconds: /home/c_byrne/tools/sd/sd-interfaces/ComfyUI/custom_nodes/ComfyUI-KJNodes
   0.0 seconds: /home/c_byrne/tools/sd/sd-interfaces/ComfyUI/custom_nodes/KepPromptLang
   0.0 seconds: /home/c_byrne/tools/sd/sd-interfaces/ComfyUI/custom_nodes/comfyui-prompt-reader-node
   0.0 seconds: /home/c_byrne/tools/sd/sd-interfaces/ComfyUI/custom_nodes/nui-suite
   0.0 seconds: /home/c_byrne/tools/sd/sd-interfaces/ComfyUI/custom_nodes/comfy-image-saver
   0.0 seconds: /home/c_byrne/tools/sd/sd-interfaces/ComfyUI/custom_nodes/comfyui-prompt-control
   0.0 seconds: /home/c_byrne/tools/sd/sd-interfaces/ComfyUI/custom_nodes/ComfyUI-Inspire-Pack
   0.0 seconds: /home/c_byrne/tools/sd/sd-interfaces/ComfyUI/custom_nodes/ComfyUI-VideoHelperSuite
   0.0 seconds: /home/c_byrne/tools/sd/sd-interfaces/ComfyUI/custom_nodes/ComfyUI-Impact-Pack
   0.0 seconds (IMPORT FAILED): /home/c_byrne/tools/sd/sd-interfaces/ComfyUI/custom_nodes/prompt-generator-comfyui
   0.1 seconds: /home/c_byrne/tools/sd/sd-interfaces/ComfyUI/custom_nodes/comfyui-reactor-node
   0.1 seconds: /home/c_byrne/tools/sd/sd-interfaces/ComfyUI/custom_nodes/bilbox-comfyui
   0.2 seconds: /home/c_byrne/tools/sd/sd-interfaces/ComfyUI/custom_nodes/ComfyUI-KepOpenAI
   0.2 seconds: /home/c_byrne/tools/sd/sd-interfaces/ComfyUI/custom_nodes/comfy_mtb
   0.2 seconds: /home/c_byrne/tools/sd/sd-interfaces/ComfyUI/custom_nodes/SeargeSDXL
   0.2 seconds: /home/c_byrne/tools/sd/sd-interfaces/ComfyUI/custom_nodes/efficiency-nodes-comfyui
   0.3 seconds: /home/c_byrne/tools/sd/sd-interfaces/ComfyUI/custom_nodes/comfyui-PromptAttention
   0.6 seconds: /home/c_byrne/tools/sd/sd-interfaces/ComfyUI/custom_nodes/was-node-suite-comfyui
   1.2 seconds: /home/c_byrne/tools/sd/sd-interfaces/ComfyUI/custom_nodes/ComfyUI-Manager
   1.6 seconds: /home/c_byrne/tools/sd/sd-interfaces/ComfyUI/custom_nodes/comfyui_segment_anything

Setting output directory to: /home/c_byrne/projects/infinite-parallax/projects/dresden
Setting input directory to: /home/c_byrne/projects/infinite-parallax/projects/dresden
Starting server

To see the GUI go to: http://127.0.0.1:8188
got prompt
[32m[rgthree] Using rgthree's optimized recursive execution.[0m
[32m[rgthree][0m First run patching recursive_output_delete_if_changed and recursive_will_execute.[0m
[33m[rgthree] Note: [0mIf execution seems broken due to forward ComfyUI changes, you can disable the optimization from rgthree settings in ComfyUI.[0m
WARNING:comfyui_segment_anything:using extra model: /home/c_byrne/tools/sd/sd-interfaces/ComfyUI/models/sams/sam_hq_vit_b.pth
<All keys matched successfully>
final text_encoder_type: bert-base-uncased
Some weights of the model checkpoint at bert-base-uncased were not used when initializing BertModel: ['cls.predictions.transform.dense.weight', 'cls.predictions.transform.LayerNorm.weight', 'cls.predictions.bias', 'cls.predictions.transform.dense.bias', 'cls.predictions.transform.LayerNorm.bias', 'cls.seq_relationship.weight', 'cls.seq_relationship.bias']
- This IS expected if you are initializing BertModel from the checkpoint of a model trained on another task or with another architecture (e.g. initializing a BertForSequenceClassification model from a BertForPreTraining model).
- This IS NOT expected if you are initializing BertModel from the checkpoint of a model that you expect to be exactly identical (initializing a BertForSequenceClassification model from a BertForSequenceClassification model).
model_type EPS
adm 0
Using xformers attention in VAE
Working with z of shape (1, 4, 32, 32) = 4096 dimensions.
Using xformers attention in VAE
clip missing: ['clip_l.text_projection', 'clip_l.logit_scale']
clip unexpected: ['clip_l.transformer.text_model.embeddings.position_ids']
left over keys: dict_keys(['alphas_cumprod', 'alphas_cumprod_prev', 'betas', 'log_one_minus_alphas_cumprod', 'model_ema.decay', 'model_ema.num_updates', 'posterior_log_variance_clipped', 'posterior_mean_coef1', 'posterior_mean_coef2', 'posterior_variance', 'sqrt_alphas_cumprod', 'sqrt_one_minus_alphas_cumprod', 'sqrt_recip_alphas_cumprod', 'sqrt_recipm1_alphas_cumprod'])
Requested to load SD1ClipModel
Loading 1 new model
Requested to load AutoencoderKL
Loading 1 new model
Requested to load BaseModel
Loading 1 new model
  0%|          | 0/30 [00:00<?, ?it/s]  3%|â–Ž         | 1/30 [00:00<00:15,  1.86it/s]  7%|â–‹         | 2/30 [00:01<00:14,  1.89it/s] 10%|â–ˆ         | 3/30 [00:01<00:14,  1.91it/s] 13%|â–ˆâ–Ž        | 4/30 [00:02<00:13,  1.91it/s] 17%|â–ˆâ–‹        | 5/30 [00:02<00:13,  1.92it/s] 20%|â–ˆâ–ˆ        | 6/30 [00:03<00:12,  1.92it/s] 23%|â–ˆâ–ˆâ–Ž       | 7/30 [00:03<00:11,  1.92it/s] 27%|â–ˆâ–ˆâ–‹       | 8/30 [00:04<00:11,  1.92it/s] 30%|â–ˆâ–ˆâ–ˆ       | 9/30 [00:04<00:10,  1.92it/s] 33%|â–ˆâ–ˆâ–ˆâ–Ž      | 10/30 [00:05<00:10,  1.92it/s] 37%|â–ˆâ–ˆâ–ˆâ–‹      | 11/30 [00:05<00:09,  1.92it/s] 40%|â–ˆâ–ˆâ–ˆâ–ˆ      | 12/30 [00:06<00:09,  1.92it/s] 43%|â–ˆâ–ˆâ–ˆâ–ˆâ–Ž     | 13/30 [00:06<00:08,  1.92it/s] 47%|â–ˆâ–ˆâ–ˆâ–ˆâ–‹     | 14/30 [00:07<00:08,  1.92it/s] 50%|â–ˆâ–ˆâ–ˆâ–ˆâ–ˆ     | 15/30 [00:07<00:07,  1.92it/s] 53%|â–ˆâ–ˆâ–ˆâ–ˆâ–ˆâ–Ž    | 16/30 [00:08<00:07,  1.92it/s] 57%|â–ˆâ–ˆâ–ˆâ–ˆâ–ˆâ–‹    | 17/30 [00:08<00:06,  1.92it/s] 60%|â–ˆâ–ˆâ–ˆâ–ˆâ–ˆâ–ˆ    | 18/30 [00:09<00:06,  1.92it/s] 63%|â–ˆâ–ˆâ–ˆâ–ˆâ–ˆâ–ˆâ–Ž   | 19/30 [00:09<00:05,  1.92it/s] 67%|â–ˆâ–ˆâ–ˆâ–ˆâ–ˆâ–ˆâ–‹   | 20/30 [00:10<00:05,  1.92it/s] 70%|â–ˆâ–ˆâ–ˆâ–ˆâ–ˆâ–ˆâ–ˆ   | 21/30 [00:10<00:04,  1.92it/s] 73%|â–ˆâ–ˆâ–ˆâ–ˆâ–ˆâ–ˆâ–ˆâ–Ž  | 22/30 [00:11<00:04,  1.92it/s] 77%|â–ˆâ–ˆâ–ˆâ–ˆâ–ˆâ–ˆâ–ˆâ–‹  | 23/30 [00:11<00:03,  1.92it/s] 80%|â–ˆâ–ˆâ–ˆâ–ˆâ–ˆâ–ˆâ–ˆâ–ˆ  | 24/30 [00:12<00:03,  1.92it/s] 83%|â–ˆâ–ˆâ–ˆâ–ˆâ–ˆâ–ˆâ–ˆâ–ˆâ–Ž | 25/30 [00:13<00:02,  1.92it/s] 87%|â–ˆâ–ˆâ–ˆâ–ˆâ–ˆâ–ˆâ–ˆâ–ˆâ–‹ | 26/30 [00:13<00:02,  1.92it/s] 90%|â–ˆâ–ˆâ–ˆâ–ˆâ–ˆâ–ˆâ–ˆâ–ˆâ–ˆ | 27/30 [00:14<00:01,  1.92it/s] 93%|â–ˆâ–ˆâ–ˆâ–ˆâ–ˆâ–ˆâ–ˆâ–ˆâ–ˆâ–Ž| 28/30 [00:14<00:01,  1.92it/s] 97%|â–ˆâ–ˆâ–ˆâ–ˆâ–ˆâ–ˆâ–ˆâ–ˆâ–ˆâ–‹| 29/30 [00:15<00:00,  1.93it/s]100%|â–ˆâ–ˆâ–ˆâ–ˆâ–ˆâ–ˆâ–ˆâ–ˆâ–ˆâ–ˆ| 30/30 [00:15<00:00,  1.93it/s]100%|â–ˆâ–ˆâ–ˆâ–ˆâ–ˆâ–ˆâ–ˆâ–ˆâ–ˆâ–ˆ| 30/30 [00:15<00:00,  1.92it/s]
[1;31m2024-03-08 08:03:23.924694016 [E:onnxruntime:Default, provider_bridge_ort.cc:1532 TryGetProviderInfo_TensorRT] /onnxruntime_src/onnxruntime/core/session/provider_bridge_ort.cc:1209 onnxruntime::Provider& onnxruntime::ProviderLibrary::Get() [ONNXRuntimeError] : 1 : FAIL : Failed to load library libonnxruntime_providers_tensorrt.so with error: libnvinfer.so.8: cannot open shared object file: No such file or directory
[m
*************** EP Error ***************
EP Error /onnxruntime_src/onnxruntime/python/onnxruntime_pybind_state.cc:456 void onnxruntime::python::RegisterTensorRTPluginsAsCustomOps(onnxruntime::python::PySessionOptions&, const ProviderOptions&) Please install TensorRT libraries as mentioned in the GPU requirements page, make sure they're in the PATH or LD_LIBRARY_PATH, and that your GPU is supported.
 when using ['TensorrtExecutionProvider', 'CUDAExecutionProvider', 'AzureExecutionProvider', 'CPUExecutionProvider']
Falling back to ['CUDAExecutionProvider', 'CPUExecutionProvider'] and retrying.
****************************************
outdoors, sky, cloud, water, dutch_angle, night, moon, cloudy_sky, grass, night_sky, scenery, dark, crescent_moon
  0%|          | 0/30 [00:00<?, ?it/s]  3%|â–Ž         | 1/30 [00:00<00:14,  1.94it/s]  7%|â–‹         | 2/30 [00:01<00:14,  1.94it/s] 10%|â–ˆ         | 3/30 [00:01<00:13,  1.93it/s] 13%|â–ˆâ–Ž        | 4/30 [00:02<00:13,  1.94it/s] 17%|â–ˆâ–‹        | 5/30 [00:02<00:12,  1.93it/s] 20%|â–ˆâ–ˆ        | 6/30 [00:03<00:12,  1.93it/s] 23%|â–ˆâ–ˆâ–Ž       | 7/30 [00:03<00:11,  1.93it/s] 27%|â–ˆâ–ˆâ–‹       | 8/30 [00:04<00:11,  1.94it/s] 30%|â–ˆâ–ˆâ–ˆ       | 9/30 [00:04<00:10,  1.93it/s] 33%|â–ˆâ–ˆâ–ˆâ–Ž      | 10/30 [00:05<00:10,  1.93it/s] 37%|â–ˆâ–ˆâ–ˆâ–‹      | 11/30 [00:05<00:09,  1.93it/s] 40%|â–ˆâ–ˆâ–ˆâ–ˆ      | 12/30 [00:06<00:09,  1.93it/s] 43%|â–ˆâ–ˆâ–ˆâ–ˆâ–Ž     | 13/30 [00:06<00:08,  1.94it/s] 47%|â–ˆâ–ˆâ–ˆâ–ˆâ–‹     | 14/30 [00:07<00:08,  1.94it/s] 50%|â–ˆâ–ˆâ–ˆâ–ˆâ–ˆ     | 15/30 [00:07<00:07,  1.94it/s] 53%|â–ˆâ–ˆâ–ˆâ–ˆâ–ˆâ–Ž    | 16/30 [00:08<00:07,  1.94it/s] 57%|â–ˆâ–ˆâ–ˆâ–ˆâ–ˆâ–‹    | 17/30 [00:08<00:06,  1.94it/s] 60%|â–ˆâ–ˆâ–ˆâ–ˆâ–ˆâ–ˆ    | 18/30 [00:09<00:06,  1.94it/s] 63%|â–ˆâ–ˆâ–ˆâ–ˆâ–ˆâ–ˆâ–Ž   | 19/30 [00:09<00:05,  1.94it/s] 67%|â–ˆâ–ˆâ–ˆâ–ˆâ–ˆâ–ˆâ–‹   | 20/30 [00:10<00:05,  1.93it/s] 70%|â–ˆâ–ˆâ–ˆâ–ˆâ–ˆâ–ˆâ–ˆ   | 21/30 [00:10<00:04,  1.93it/s] 73%|â–ˆâ–ˆâ–ˆâ–ˆâ–ˆâ–ˆâ–ˆâ–Ž  | 22/30 [00:11<00:04,  1.93it/s] 77%|â–ˆâ–ˆâ–ˆâ–ˆâ–ˆâ–ˆâ–ˆâ–‹  | 23/30 [00:11<00:03,  1.93it/s] 80%|â–ˆâ–ˆâ–ˆâ–ˆâ–ˆâ–ˆâ–ˆâ–ˆ  | 24/30 [00:12<00:03,  1.93it/s] 83%|â–ˆâ–ˆâ–ˆâ–ˆâ–ˆâ–ˆâ–ˆâ–ˆâ–Ž | 25/30 [00:12<00:02,  1.93it/s] 87%|â–ˆâ–ˆâ–ˆâ–ˆâ–ˆâ–ˆâ–ˆâ–ˆâ–‹ | 26/30 [00:13<00:02,  1.93it/s] 90%|â–ˆâ–ˆâ–ˆâ–ˆâ–ˆâ–ˆâ–ˆâ–ˆâ–ˆ | 27/30 [00:13<00:01,  1.93it/s] 93%|â–ˆâ–ˆâ–ˆâ–ˆâ–ˆâ–ˆâ–ˆâ–ˆâ–ˆâ–Ž| 28/30 [00:14<00:01,  1.93it/s] 97%|â–ˆâ–ˆâ–ˆâ–ˆâ–ˆâ–ˆâ–ˆâ–ˆâ–ˆâ–‹| 29/30 [00:14<00:00,  1.93it/s]100%|â–ˆâ–ˆâ–ˆâ–ˆâ–ˆâ–ˆâ–ˆâ–ˆâ–ˆâ–ˆ| 30/30 [00:15<00:00,  1.94it/s]100%|â–ˆâ–ˆâ–ˆâ–ˆâ–ˆâ–ˆâ–ˆâ–ˆâ–ˆâ–ˆ| 30/30 [00:15<00:00,  1.93it/s]
Prompt executed in 41.04 seconds
